[debug] [2024-11-04T17:21:12.246Z] ----------------------------------------------------------------------
[debug] [2024-11-04T17:21:12.249Z] Command:       C:\Program Files\nodejs\node.exe C:\Users\Khirthi\AppData\Roaming\npm\node_modules\firebase-tools\lib\bin\firebase.js init
[debug] [2024-11-04T17:21:12.249Z] CLI Version:   13.24.0
[debug] [2024-11-04T17:21:12.249Z] Platform:      win32
[debug] [2024-11-04T17:21:12.249Z] Node Version:  v22.11.0
[debug] [2024-11-04T17:21:12.250Z] Time:          Mon Nov 04 2024 22:51:12 GMT+0530 (India Standard Time)
[debug] [2024-11-04T17:21:12.250Z] ----------------------------------------------------------------------
[debug] 
[debug] [2024-11-04T17:21:12.257Z] > command requires scopes: ["email","openid","https://www.googleapis.com/auth/cloudplatformprojects.readonly","https://www.googleapis.com/auth/firebase","https://www.googleapis.com/auth/cloud-platform"]
[debug] [2024-11-04T17:21:12.257Z] > authorizing via signed-in user (khirthi.xendworks@gmail.com)
[info] 
     ######## #### ########  ######## ########     ###     ######  ########
     ##        ##  ##     ## ##       ##     ##  ##   ##  ##       ##
     ######    ##  ########  ######   ########  #########  ######  ######
     ##        ##  ##    ##  ##       ##     ## ##     ##       ## ##
     ##       #### ##     ## ######## ########  ##     ##  ######  ########

You're about to initialize a Firebase project in this directory:

  C:\Sathish\Source Code\citycars-main

Before we get started, keep in mind:

  * You are currently outside your home directory

[info] 
=== Project Setup
[info] 
[info] First, let's associate this project directory with a Firebase project.
[info] You can create multiple project aliases by running firebase use --add, 
[info] but for now we'll just set up a default project.
[info] 
[info] i  If you want to create a project in a Google Cloud organization or folder, please use "firebase projects:create" instead, and return to this command when you've created the project. 
[debug] [2024-11-04T17:23:01.017Z] Checked if tokens are valid: true, expires at: 1730744428855
[debug] [2024-11-04T17:23:01.018Z] Checked if tokens are valid: true, expires at: 1730744428855
[debug] [2024-11-04T17:23:01.019Z] >>> [apiv2][query] POST https://cloudresourcemanager.googleapis.com/v1/projects [none]
[debug] [2024-11-04T17:23:01.019Z] >>> [apiv2][body] POST https://cloudresourcemanager.googleapis.com/v1/projects {"projectId":"citycars_nuxt","name":"citycars_nuxt_deployment"}
[debug] [2024-11-04T17:23:02.467Z] <<< [apiv2][status] POST https://cloudresourcemanager.googleapis.com/v1/projects 400
[debug] [2024-11-04T17:23:02.467Z] <<< [apiv2][body] POST https://cloudresourcemanager.googleapis.com/v1/projects {"error":{"code":400,"message":"Request contains an invalid argument.","status":"INVALID_ARGUMENT","details":[{"@type":"type.googleapis.com/google.rpc.BadRequest","fieldViolations":[{"field":"project_id","description":"project_id contains invalid characters"},{"field":"display_name","description":"project display name contains invalid characters"}]},{"@type":"type.googleapis.com/google.rpc.Help","links":[{"url":"https://cloud.google.com/resource-manager/reference/rest/v1/projects"}]}]}}
[debug] [2024-11-04T17:23:02.610Z] FirebaseError: Request to https://cloudresourcemanager.googleapis.com/v1/projects had HTTP Error: 400, Request contains an invalid argument.
    at responseToError (C:\Users\Khirthi\AppData\Roaming\npm\node_modules\firebase-tools\lib\responseToError.js:52:12)
    at RetryOperation._fn (C:\Users\Khirthi\AppData\Roaming\npm\node_modules\firebase-tools\lib\apiv2.js:312:77)
    at process.processTicksAndRejections (node:internal/process/task_queues:105:5)
[error] 
[error] Error: Failed to create project. See firebase-debug.log for more info.
[debug] [2024-11-04T20:28:10.938Z] ----------------------------------------------------------------------
[debug] [2024-11-04T20:28:10.950Z] Command:       C:\Program Files\nodejs\node.exe C:\Users\Khirthi\AppData\Roaming\npm\node_modules\firebase-tools\lib\bin\firebase.js init
[debug] [2024-11-04T20:28:10.950Z] CLI Version:   13.24.0
[debug] [2024-11-04T20:28:10.950Z] Platform:      win32
[debug] [2024-11-04T20:28:10.951Z] Node Version:  v22.11.0
[debug] [2024-11-04T20:28:10.951Z] Time:          Tue Nov 05 2024 01:58:10 GMT+0530 (India Standard Time)
[debug] [2024-11-04T20:28:10.951Z] ----------------------------------------------------------------------
[debug] 
[debug] [2024-11-04T20:28:10.961Z] > command requires scopes: ["email","openid","https://www.googleapis.com/auth/cloudplatformprojects.readonly","https://www.googleapis.com/auth/firebase","https://www.googleapis.com/auth/cloud-platform"]
[debug] [2024-11-04T20:28:10.962Z] > authorizing via signed-in user (khirthi.xendworks@gmail.com)
[info] 
     ######## #### ########  ######## ########     ###     ######  ########
     ##        ##  ##     ## ##       ##     ##  ##   ##  ##       ##
     ######    ##  ########  ######   ########  #########  ######  ######
     ##        ##  ##    ##  ##       ##     ## ##     ##       ## ##
     ##       #### ##     ## ######## ########  ##     ##  ######  ########

You're about to initialize a Firebase project in this directory:

  C:\Sathish\Source Code\citycars-main

Before we get started, keep in mind:

  * You are currently outside your home directory

[info] 
=== Project Setup
[info] 
[info] First, let's associate this project directory with a Firebase project.
[info] You can create multiple project aliases by running firebase use --add, 
[info] but for now we'll just set up a default project.
[info] 
[debug] [2024-11-04T20:28:24.665Z] Checked if tokens are valid: false, expires at: 1730744428855
[debug] [2024-11-04T20:28:24.666Z] Checked if tokens are valid: false, expires at: 1730744428855
[debug] [2024-11-04T20:28:24.666Z] > refreshing access token with scopes: []
[debug] [2024-11-04T20:28:24.668Z] >>> [apiv2][query] POST https://www.googleapis.com/oauth2/v3/token [none]
[debug] [2024-11-04T20:28:24.668Z] >>> [apiv2][body] POST https://www.googleapis.com/oauth2/v3/token [omitted]
[debug] [2024-11-04T20:28:24.935Z] <<< [apiv2][status] POST https://www.googleapis.com/oauth2/v3/token 200
[debug] [2024-11-04T20:28:24.935Z] <<< [apiv2][body] POST https://www.googleapis.com/oauth2/v3/token [omitted]
[debug] [2024-11-04T20:28:24.940Z] >>> [apiv2][query] GET https://firebase.googleapis.com/v1beta1/projects pageSize=100
[debug] [2024-11-04T20:28:25.620Z] <<< [apiv2][status] GET https://firebase.googleapis.com/v1beta1/projects 200
[debug] [2024-11-04T20:28:25.620Z] <<< [apiv2][body] GET https://firebase.googleapis.com/v1beta1/projects [omitted]
[info] i  Using project citycars-1f0e8 (citycars) 
[info] 
=== Functions Setup
[debug] [2024-11-04T20:28:27.512Z] > command requires scopes: ["email","openid","https://www.googleapis.com/auth/cloudplatformprojects.readonly","https://www.googleapis.com/auth/firebase","https://www.googleapis.com/auth/cloud-platform"]
[debug] [2024-11-04T20:28:27.512Z] > authorizing via signed-in user (khirthi.xendworks@gmail.com)
[debug] [2024-11-04T20:28:27.512Z] [iam] checking project citycars-1f0e8 for permissions ["firebase.projects.get"]
[debug] [2024-11-04T20:28:27.512Z] Checked if tokens are valid: true, expires at: 1730755703935
[debug] [2024-11-04T20:28:27.512Z] Checked if tokens are valid: true, expires at: 1730755703935
[debug] [2024-11-04T20:28:27.512Z] >>> [apiv2][query] POST https://cloudresourcemanager.googleapis.com/v1/projects/citycars-1f0e8:testIamPermissions [none]
[debug] [2024-11-04T20:28:27.512Z] >>> [apiv2][(partial)header] POST https://cloudresourcemanager.googleapis.com/v1/projects/citycars-1f0e8:testIamPermissions x-goog-quota-user=projects/citycars-1f0e8
[debug] [2024-11-04T20:28:27.513Z] >>> [apiv2][body] POST https://cloudresourcemanager.googleapis.com/v1/projects/citycars-1f0e8:testIamPermissions {"permissions":["firebase.projects.get"]}
[debug] [2024-11-04T20:28:27.868Z] <<< [apiv2][status] POST https://cloudresourcemanager.googleapis.com/v1/projects/citycars-1f0e8:testIamPermissions 200
[debug] [2024-11-04T20:28:27.869Z] <<< [apiv2][body] POST https://cloudresourcemanager.googleapis.com/v1/projects/citycars-1f0e8:testIamPermissions {"permissions":["firebase.projects.get"]}
[debug] [2024-11-04T20:28:27.869Z] Checked if tokens are valid: true, expires at: 1730755703935
[debug] [2024-11-04T20:28:27.869Z] Checked if tokens are valid: true, expires at: 1730755703935
[debug] [2024-11-04T20:28:27.869Z] Checked if tokens are valid: true, expires at: 1730755703935
[debug] [2024-11-04T20:28:27.869Z] Checked if tokens are valid: true, expires at: 1730755703935
[debug] [2024-11-04T20:28:27.870Z] >>> [apiv2][query] GET https://serviceusage.googleapis.com/v1/projects/citycars-1f0e8/services/cloudfunctions.googleapis.com [none]
[debug] [2024-11-04T20:28:27.870Z] >>> [apiv2][(partial)header] GET https://serviceusage.googleapis.com/v1/projects/citycars-1f0e8/services/cloudfunctions.googleapis.com x-goog-quota-user=projects/citycars-1f0e8
[debug] [2024-11-04T20:28:27.871Z] >>> [apiv2][query] GET https://serviceusage.googleapis.com/v1/projects/citycars-1f0e8/services/runtimeconfig.googleapis.com [none]
[debug] [2024-11-04T20:28:27.871Z] >>> [apiv2][(partial)header] GET https://serviceusage.googleapis.com/v1/projects/citycars-1f0e8/services/runtimeconfig.googleapis.com x-goog-quota-user=projects/citycars-1f0e8
[debug] [2024-11-04T20:28:29.583Z] <<< [apiv2][status] GET https://serviceusage.googleapis.com/v1/projects/citycars-1f0e8/services/runtimeconfig.googleapis.com 200
[debug] [2024-11-04T20:28:29.584Z] <<< [apiv2][body] GET https://serviceusage.googleapis.com/v1/projects/citycars-1f0e8/services/runtimeconfig.googleapis.com [omitted]
[debug] [2024-11-04T20:28:29.801Z] <<< [apiv2][status] GET https://serviceusage.googleapis.com/v1/projects/citycars-1f0e8/services/cloudfunctions.googleapis.com 200
[debug] [2024-11-04T20:28:29.801Z] <<< [apiv2][body] GET https://serviceusage.googleapis.com/v1/projects/citycars-1f0e8/services/cloudfunctions.googleapis.com [omitted]
[debug] [2024-11-04T20:28:29.802Z] Checked if tokens are valid: true, expires at: 1730755703935
[debug] [2024-11-04T20:28:29.802Z] Checked if tokens are valid: true, expires at: 1730755703935
[debug] [2024-11-04T20:28:29.802Z] >>> [apiv2][query] POST https://serviceusage.googleapis.com/v1/projects/citycars-1f0e8/services/cloudfunctions.googleapis.com:enable [none]
[debug] [2024-11-04T20:28:29.802Z] >>> [apiv2][(partial)header] POST https://serviceusage.googleapis.com/v1/projects/citycars-1f0e8/services/cloudfunctions.googleapis.com:enable x-goog-quota-user=projects/citycars-1f0e8
[debug] [2024-11-04T20:28:30.285Z] <<< [apiv2][status] POST https://serviceusage.googleapis.com/v1/projects/citycars-1f0e8/services/cloudfunctions.googleapis.com:enable 200
[debug] [2024-11-04T20:28:30.285Z] <<< [apiv2][body] POST https://serviceusage.googleapis.com/v1/projects/citycars-1f0e8/services/cloudfunctions.googleapis.com:enable [omitted]
[debug] [2024-11-04T20:28:40.296Z] Checked if tokens are valid: true, expires at: 1730755703935
[debug] [2024-11-04T20:28:40.296Z] Checked if tokens are valid: true, expires at: 1730755703935
[debug] [2024-11-04T20:28:40.297Z] >>> [apiv2][query] GET https://serviceusage.googleapis.com/v1/projects/citycars-1f0e8/services/cloudfunctions.googleapis.com [none]
[debug] [2024-11-04T20:28:40.297Z] >>> [apiv2][(partial)header] GET https://serviceusage.googleapis.com/v1/projects/citycars-1f0e8/services/cloudfunctions.googleapis.com x-goog-quota-user=projects/citycars-1f0e8
[debug] [2024-11-04T20:28:41.908Z] <<< [apiv2][status] GET https://serviceusage.googleapis.com/v1/projects/citycars-1f0e8/services/cloudfunctions.googleapis.com 200
[debug] [2024-11-04T20:28:41.908Z] <<< [apiv2][body] GET https://serviceusage.googleapis.com/v1/projects/citycars-1f0e8/services/cloudfunctions.googleapis.com [omitted]
[info] Let's create a new codebase for your functions.
[info] A directory corresponding to the codebase will be created in your project
[info] with sample code pre-configured.

[info] See https://firebase.google.com/docs/functions/organize-functions for
[info] more information on organizing your functions using codebases.

[info] Functions can be deployed with firebase deploy.

[info] +  Wrote functions/package.json 
[info] +  Wrote functions/.eslintrc.js 
[info] +  Wrote functions/tsconfig.json 
[info] +  Wrote functions/tsconfig.dev.json 
[info] +  Wrote functions/src/index.ts 
[info] +  Wrote functions/.gitignore 
[info] 
=== Hosting Setup
[debug] [2024-11-04T20:33:28.660Z] Checked if tokens are valid: true, expires at: 1730755703935
[debug] [2024-11-04T20:33:28.660Z] Checked if tokens are valid: true, expires at: 1730755703935
[debug] [2024-11-04T20:33:28.663Z] >>> [apiv2][query] GET https://firebase.googleapis.com/v1beta1/projects/citycars-1f0e8 [none]
[debug] [2024-11-04T20:33:29.389Z] <<< [apiv2][status] GET https://firebase.googleapis.com/v1beta1/projects/citycars-1f0e8 200
[debug] [2024-11-04T20:33:29.390Z] <<< [apiv2][body] GET https://firebase.googleapis.com/v1beta1/projects/citycars-1f0e8 {"projectId":"citycars-1f0e8","projectNumber":"902629257925","displayName":"citycars","name":"projects/citycars-1f0e8","resources":{"hostingSite":"citycars-1f0e8"},"state":"ACTIVE","etag":"1_9fc140ca-4cd4-47b6-876c-b3849cd1f540"}
[info] 
[info] Your public directory is the folder (relative to your project directory) that
[info] will contain Hosting assets to be uploaded with firebase deploy. If you
[info] have a build process for your assets, use your build's output directory.
[info] 
[debug] [2024-11-04T20:33:38.385Z] >>> [apiv2][query] GET https://www.gstatic.com/firebasejs/releases.json [none]
[debug] [2024-11-04T20:33:38.482Z] <<< [apiv2][status] GET https://www.gstatic.com/firebasejs/releases.json 200
[debug] [2024-11-04T20:33:38.482Z] <<< [apiv2][body] GET https://www.gstatic.com/firebasejs/releases.json {"current":{"version":"11.0.1","browserURL":"https://www.gstatic.com/firebasejs/11.0.1/firebase.js","packageURL":"https://www.gstatic.com/firebasejs/11.0.1/firebase.tgz"},"live":{"version":"11.0","browserURL":"https://www.gstatic.com/firebasejs/live/11.0/firebase.js","packageURL":"https://www.gstatic.com/firebasejs/live/11.0/firebase.tgz"},"components":{"analytics":"https://www.gstatic.com/firebasejs/11.0.1/firebase-analytics.js","app":"https://www.gstatic.com/firebasejs/11.0.1/firebase-app.js","app-check":"https://www.gstatic.com/firebasejs/11.0.1/firebase-app-check.js","auth":"https://www.gstatic.com/firebasejs/11.0.1/firebase-auth.js","auth/cordova":"https://www.gstatic.com/firebasejs/11.0.1/firebase-auth/cordova.js","auth/web-extension":"https://www.gstatic.com/firebasejs/11.0.1/firebase-auth/web-extension.js","functions":"https://www.gstatic.com/firebasejs/11.0.1/firebase-functions.js","firestore":"https://www.gstatic.com/firebasejs/11.0.1/firebase-firestore.js","firestore/lite":"https://www.gstatic.com/firebasejs/11.0.1/firebase-firestore/lite.js","installations":"https://www.gstatic.com/firebasejs/11.0.1/firebase-installations.js","storage":"https://www.gstatic.com/firebasejs/11.0.1/firebase-storage.js","performance":"https://www.gstatic.com/firebasejs/11.0.1/firebase-performance.js","remote-config":"https://www.gstatic.com/firebasejs/11.0.1/firebase-remote-config.js","messaging":"https://www.gstatic.com/firebasejs/11.0.1/firebase-messaging.js","messaging/sw":"https://www.gstatic.com/firebasejs/11.0.1/firebase-messaging/sw.js","database":"https://www.gstatic.com/firebasejs/11.0.1/firebase-database.js","vertexai":"https://www.gstatic.com/firebasejs/11.0.1/firebase-vertexai.js","data-connect":"https://www.gstatic.com/firebasejs/11.0.1/firebase-data-connect.js","firestore.memory":"https://www.gstatic.com/firebasejs/11.0.1/firebase-firestore.memory.js"}}
[info] +  Wrote y/index.html 
[info] 
[info] i  Detected a .git folder at C:\Sathish\Source Code\citycars-main 
[info] i  Authorizing with GitHub to upload your service account to a GitHub repository's secrets store. 
[info] 
[info] Visit this URL on this device to log in:
[info] https://github.com/login/oauth/authorize?client_id=89cf50f02ac6aaed3484&state=393469871&redirect_uri=http%3A%2F%2Flocalhost%3A9005&scope=read%3Auser%20repo%20public_repo
[info] 
[info] Waiting for authentication...
[debug] [2024-11-04T20:33:39.312Z] >>> [apiv2][query] POST https://github.com/login/oauth/access_token [none]
[debug] [2024-11-04T20:33:39.312Z] >>> [apiv2][body] POST https://github.com/login/oauth/access_token [stream]
[debug] [2024-11-04T20:33:39.709Z] <<< [apiv2][status] POST https://github.com/login/oauth/access_token 200
[debug] [2024-11-04T20:33:39.709Z] <<< [apiv2][body] POST https://github.com/login/oauth/access_token {"access_token":"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","token_type":"bearer","scope":"read:user,repo"}
[debug] [2024-11-04T20:33:39.715Z] >>> [apiv2][query] GET https://api.github.com/user [none]
[debug] [2024-11-04T20:33:40.129Z] <<< [apiv2][status] GET https://api.github.com/user 200
[debug] [2024-11-04T20:33:40.129Z] <<< [apiv2][body] GET https://api.github.com/user {"login":"khirthiX","id":171221238,"node_id":"U_kgDOCjSg9g","avatar_url":"https://avatars.githubusercontent.com/u/171221238?v=4","gravatar_id":"","url":"https://api.github.com/users/khirthiX","html_url":"https://github.com/khirthiX","followers_url":"https://api.github.com/users/khirthiX/followers","following_url":"https://api.github.com/users/khirthiX/following{/other_user}","gists_url":"https://api.github.com/users/khirthiX/gists{/gist_id}","starred_url":"https://api.github.com/users/khirthiX/starred{/owner}{/repo}","subscriptions_url":"https://api.github.com/users/khirthiX/subscriptions","organizations_url":"https://api.github.com/users/khirthiX/orgs","repos_url":"https://api.github.com/users/khirthiX/repos","events_url":"https://api.github.com/users/khirthiX/events{/privacy}","received_events_url":"https://api.github.com/users/khirthiX/received_events","type":"User","user_view_type":"private","site_admin":false,"name":null,"company":null,"blog":"","location":null,"email":null,"hireable":null,"bio":null,"twitter_username":null,"notification_email":null,"public_repos":2,"public_gists":0,"followers":0,"following":0,"created_at":"2024-05-30T05:56:17Z","updated_at":"2024-11-03T07:36:04Z","private_gists":0,"total_private_repos":3,"owned_private_repos":3,"disk_usage":29,"collaborators":0,"two_factor_authentication":false,"plan":{"name":"free","space":976562499,"collaborators":0,"private_repos":10000}}
[info] 
[info] +  Success! Logged into GitHub as khirthiX 
[info] 
[debug] [2024-11-04T20:34:37.177Z] >>> [apiv2][query] GET https://api.github.com/repos/https://github.com/xendworks/citycars.git/actions/secrets/public-key type=owner
[debug] [2024-11-04T20:34:37.526Z] <<< [apiv2][status] GET https://api.github.com/repos/https://github.com/xendworks/citycars.git/actions/secrets/public-key 404
[debug] [2024-11-04T20:34:37.526Z] <<< [apiv2][body] GET https://api.github.com/repos/https://github.com/xendworks/citycars.git/actions/secrets/public-key {"message":"Not Found","documentation_url":"https://docs.github.com/rest","status":"404"}
[info] 
[info] 
[error] !  The provided authorization cannot be used with this repository. If this repository is in an organization, did you remember to grant access? 
[info] 
[info] i  Action required: Visit this URL to ensure access has been granted to the appropriate organization(s) for the Firebase CLI GitHub OAuth App: 
[info] https://github.com/settings/connections/applications/89cf50f02ac6aaed3484
[info] 
